This is pdfTeX, Version 3.14159265-2.6-1.40.20 (TeX Live 2019/Arch Linux) (preloaded format=pdflatex 2019.8.28)  2 OCT 2019 10:48
entering extended mode
 restricted \write18 enabled.
 %&-line parsing enabled.
**tex/c1.tex
(./tex/c1.tex
LaTeX2e <2018-12-01>
(/usr/share/texmf-dist/tex/latex/subfiles/subfiles.cls
Document Class: subfiles 2018/07/31 Federico Garcia, Gernot Salzer
Preamble taken from file `../main.tex'

! LaTeX Error: File `../main.tex' not found.

Type X to quit or <RETURN> to proceed,
or enter new name. (Default extension: tex)

Enter file name: 
! Emergency stop.
<read *> 
         
l.35 \input{\preamble@file}
                           ^^M
End of file on the terminal!

 
Here is how much of TeX's memory you used:
 20 strings out of 492623
 410 string characters out of 6135669
 57292 words of memory out of 5000000
 4025 multiletter control sequences out of 15000+600000
 3640 words of font info for 14 fonts, out of 8000000 for 9000
 1141 hyphenation exceptions out of 8191
 17i,0n,18p,112b,8s stack positions out of 5000i,500n,10000p,200000b,80000s
!  ==> Fatal error occurred, no output PDF file produced!
